2026/02/27 13:45:42 🚀 音频文件服务器启动成功!
2026/02/27 13:45:42 📁 音频目录: ./audio_files
2026/02/27 13:45:42 🌐 监听地址: 0.0.0.0:8000
2026/02/27 13:45:42 ✅ 健康检查: http://localhost:8000/
2026/02/27 13:45:42 📤 上传接口: http://localhost:8000/upload
2026/02/27 13:45:42 🔍 文件检查: http://localhost:8000/api/check/{filename}
2026/02/27 13:45:50 [GET] / [::1]:57739
2026/02/27 13:45:50 完成耗时: 535µs
2026/02/27 13:45:58 [POST] /upload [::1]:57754
2026/02/27 13:45:58 表单解析成功
2026/02/27 13:45:58 获取文件成功: test_video.mp4
2026/02/27 13:45:58 文件上传成功: test_video.mp4 (19 bytes) 来自 [::1]:57754
2026/02/27 13:45:58 元数据已保存: audio_files\test_video.mp4.meta.json
2026/02/27 13:45:58 完成耗时: 2.8417ms
2026/02/27 13:46:04 [GET] /api/metadata/test_video.mp4 [::1]:57764
2026/02/27 13:46:04 完成耗时: 520.7µs
2026/02/27 13:46:18 [DELETE] /api/file/test_video.mp4 [::1]:58990
2026/02/27 13:46:18 文件已删除: test_video.mp4
2026/02/27 13:46:18 完成耗时: 1.5458ms
2026/02/27 13:46:38 [GET] /api/metadata/test_video.mp4 [::1]:59019
2026/02/27 13:46:38 完成耗时: 507.1µs
